Determining if the pthread_create exist failed with the following output:
Change Dir: /home/downerj/Downloads/install/glfw-3.2.1/build/CMakeFiles/CMakeTmp

Run Build Command:"/usr/bin/make" "cmTC_759fb/fast"
/usr/bin/make -f CMakeFiles/cmTC_759fb.dir/build.make CMakeFiles/cmTC_759fb.dir/build
make[1]: Entering directory '/home/downerj/Downloads/install/glfw-3.2.1/build/CMakeFiles/CMakeTmp'
Building C object CMakeFiles/cmTC_759fb.dir/CheckSymbolExists.c.o
/usr/bin/cc     -o CMakeFiles/cmTC_759fb.dir/CheckSymbolExists.c.o   -c /home/downerj/Downloads/install/glfw-3.2.1/build/CMakeFiles/CMakeTmp/CheckSymbolExists.c
Linking C executable cmTC_759fb
/usr/bin/cmake -E cmake_link_script CMakeFiles/cmTC_759fb.dir/link.txt --verbose=1
/usr/bin/cc       CMakeFiles/cmTC_759fb.dir/CheckSymbolExists.c.o  -o cmTC_759fb -rdynamic 
CMakeFiles/cmTC_759fb.dir/CheckSymbolExists.c.o: In function `main':
CheckSymbolExists.c:(.text+0x16): undefined reference to `pthread_create'
collect2: error: ld returned 1 exit status
CMakeFiles/cmTC_759fb.dir/build.make:97: recipe for target 'cmTC_759fb' failed
make[1]: *** [cmTC_759fb] Error 1
make[1]: Leaving directory '/home/downerj/Downloads/install/glfw-3.2.1/build/CMakeFiles/CMakeTmp'
Makefile:126: recipe for target 'cmTC_759fb/fast' failed
make: *** [cmTC_759fb/fast] Error 2

File /home/downerj/Downloads/install/glfw-3.2.1/build/CMakeFiles/CMakeTmp/CheckSymbolExists.c:
/* */
#include <pthread.h>

int main(int argc, char** argv)
{
  (void)argv;
#ifndef pthread_create
  return ((int*)(&pthread_create))[argc];
#else
  (void)argc;
  return 0;
#endif
}

Determining if the function pthread_create exists in the pthreads failed with the following output:
Change Dir: /home/downerj/Downloads/install/glfw-3.2.1/build/CMakeFiles/CMakeTmp

Run Build Command:"/usr/bin/make" "cmTC_f021e/fast"
/usr/bin/make -f CMakeFiles/cmTC_f021e.dir/build.make CMakeFiles/cmTC_f021e.dir/build
make[1]: Entering directory '/home/downerj/Downloads/install/glfw-3.2.1/build/CMakeFiles/CMakeTmp'
Building C object CMakeFiles/cmTC_f021e.dir/CheckFunctionExists.c.o
/usr/bin/cc    -DCHECK_FUNCTION_EXISTS=pthread_create   -o CMakeFiles/cmTC_f021e.dir/CheckFunctionExists.c.o   -c /usr/share/cmake-3.5/Modules/CheckFunctionExists.c
Linking C executable cmTC_f021e
/usr/bin/cmake -E cmake_link_script CMakeFiles/cmTC_f021e.dir/link.txt --verbose=1
/usr/bin/cc   -DCHECK_FUNCTION_EXISTS=pthread_create    CMakeFiles/cmTC_f021e.dir/CheckFunctionExists.c.o  -o cmTC_f021e -rdynamic -lpthreads 
/usr/bin/ld: cannot find -lpthreads
collect2: error: ld returned 1 exit status
CMakeFiles/cmTC_f021e.dir/build.make:97: recipe for target 'cmTC_f021e' failed
make[1]: *** [cmTC_f021e] Error 1
make[1]: Leaving directory '/home/downerj/Downloads/install/glfw-3.2.1/build/CMakeFiles/CMakeTmp'
Makefile:126: recipe for target 'cmTC_f021e/fast' failed
make: *** [cmTC_f021e/fast] Error 2


