Compiling the C compiler identification source file "CMakeCCompilerId.c" failed.
Compiler: cland 
Build flags: 
Id flags: 

The output was:
No such file or directory


Compiling the C compiler identification source file "CMakeCCompilerId.c" failed.
Compiler: cland 
Build flags: 
Id flags: -c

The output was:
No such file or directory


Compiling the C compiler identification source file "CMakeCCompilerId.c" failed.
Compiler: cland 
Build flags: 
Id flags: -Aa

The output was:
No such file or directory


Checking whether the C compiler is IAR using "" did not match "IAR .+ Compiler":
Determining if the pthread_create exist failed with the following output:
Change Dir: /home/downerj/Downloads/install/glfw-3.2.1/build/macos/CMakeFiles/CMakeTmp

Run Build Command:"/usr/bin/make" "cmTC_0a605/fast"
/usr/bin/make -f CMakeFiles/cmTC_0a605.dir/build.make CMakeFiles/cmTC_0a605.dir/build
make[1]: Entering directory '/home/downerj/Downloads/install/glfw-3.2.1/build/macos/CMakeFiles/CMakeTmp'
Building C object CMakeFiles/cmTC_0a605.dir/CheckSymbolExists.c.o
/bin/clang     -o CMakeFiles/cmTC_0a605.dir/CheckSymbolExists.c.o   -c /home/downerj/Downloads/install/glfw-3.2.1/build/macos/CMakeFiles/CMakeTmp/CheckSymbolExists.c
Linking C executable cmTC_0a605
/usr/bin/cmake -E cmake_link_script CMakeFiles/cmTC_0a605.dir/link.txt --verbose=1
/bin/clang       CMakeFiles/cmTC_0a605.dir/CheckSymbolExists.c.o  -o cmTC_0a605 -rdynamic 
CMakeFiles/cmTC_0a605.dir/CheckSymbolExists.c.o: In function `main':
/home/downerj/Downloads/install/glfw-3.2.1/build/macos/CMakeFiles/CMakeTmp/CheckSymbolExists.c:(.text+0x19): undefined reference to `pthread_create'
clang-5.0: error: linker command failed with exit code 1 (use -v to see invocation)
CMakeFiles/cmTC_0a605.dir/build.make:97: recipe for target 'cmTC_0a605' failed
make[1]: *** [cmTC_0a605] Error 1
make[1]: Leaving directory '/home/downerj/Downloads/install/glfw-3.2.1/build/macos/CMakeFiles/CMakeTmp'
Makefile:126: recipe for target 'cmTC_0a605/fast' failed
make: *** [cmTC_0a605/fast] Error 2

File /home/downerj/Downloads/install/glfw-3.2.1/build/macos/CMakeFiles/CMakeTmp/CheckSymbolExists.c:
/* */
#include <pthread.h>

int main(int argc, char** argv)
{
  (void)argv;
#ifndef pthread_create
  return ((int*)(&pthread_create))[argc];
#else
  (void)argc;
  return 0;
#endif
}

Determining if the function pthread_create exists in the pthreads failed with the following output:
Change Dir: /home/downerj/Downloads/install/glfw-3.2.1/build/macos/CMakeFiles/CMakeTmp

Run Build Command:"/usr/bin/make" "cmTC_3c4e7/fast"
/usr/bin/make -f CMakeFiles/cmTC_3c4e7.dir/build.make CMakeFiles/cmTC_3c4e7.dir/build
make[1]: Entering directory '/home/downerj/Downloads/install/glfw-3.2.1/build/macos/CMakeFiles/CMakeTmp'
Building C object CMakeFiles/cmTC_3c4e7.dir/CheckFunctionExists.c.o
/bin/clang    -DCHECK_FUNCTION_EXISTS=pthread_create   -o CMakeFiles/cmTC_3c4e7.dir/CheckFunctionExists.c.o   -c /usr/share/cmake-3.5/Modules/CheckFunctionExists.c
Linking C executable cmTC_3c4e7
/usr/bin/cmake -E cmake_link_script CMakeFiles/cmTC_3c4e7.dir/link.txt --verbose=1
/bin/clang   -DCHECK_FUNCTION_EXISTS=pthread_create    CMakeFiles/cmTC_3c4e7.dir/CheckFunctionExists.c.o  -o cmTC_3c4e7 -rdynamic -lpthreads 
/usr/bin/ld: cannot find -lpthreads
clang-5.0: error: linker command failed with exit code 1 (use -v to see invocation)
CMakeFiles/cmTC_3c4e7.dir/build.make:97: recipe for target 'cmTC_3c4e7' failed
make[1]: *** [cmTC_3c4e7] Error 1
make[1]: Leaving directory '/home/downerj/Downloads/install/glfw-3.2.1/build/macos/CMakeFiles/CMakeTmp'
Makefile:126: recipe for target 'cmTC_3c4e7/fast' failed
make: *** [cmTC_3c4e7/fast] Error 2


