The system is: Linux - 3.18.0-18539-gde7ca19c8916 - x86_64
Compiling the C compiler identification source file "CMakeCCompilerId.c" succeeded.
Compiler: /bin/clang 
Build flags: 
Id flags: 

The output was:
0


Compilation of the C compiler identification source "CMakeCCompilerId.c" produced "a.out"

The C compiler identification is Clang, found in "/home/downerj/Downloads/install/glfw-3.2.1/build/macos/CMakeFiles/3.5.1/CompilerIdC/a.out"

Determining if the C compiler works passed with the following output:
Change Dir: /home/downerj/Downloads/install/glfw-3.2.1/build/macos/CMakeFiles/CMakeTmp

Run Build Command:"/usr/bin/make" "cmTC_6a638/fast"
/usr/bin/make -f CMakeFiles/cmTC_6a638.dir/build.make CMakeFiles/cmTC_6a638.dir/build
make[1]: Entering directory '/home/downerj/Downloads/install/glfw-3.2.1/build/macos/CMakeFiles/CMakeTmp'
Building C object CMakeFiles/cmTC_6a638.dir/testCCompiler.c.o
/bin/clang     -o CMakeFiles/cmTC_6a638.dir/testCCompiler.c.o   -c /home/downerj/Downloads/install/glfw-3.2.1/build/macos/CMakeFiles/CMakeTmp/testCCompiler.c
Linking C executable cmTC_6a638
/usr/bin/cmake -E cmake_link_script CMakeFiles/cmTC_6a638.dir/link.txt --verbose=1
/bin/clang       CMakeFiles/cmTC_6a638.dir/testCCompiler.c.o  -o cmTC_6a638 -rdynamic 
make[1]: Leaving directory '/home/downerj/Downloads/install/glfw-3.2.1/build/macos/CMakeFiles/CMakeTmp'


Detecting C compiler ABI info compiled with the following output:
Change Dir: /home/downerj/Downloads/install/glfw-3.2.1/build/macos/CMakeFiles/CMakeTmp

Run Build Command:"/usr/bin/make" "cmTC_d42e8/fast"
/usr/bin/make -f CMakeFiles/cmTC_d42e8.dir/build.make CMakeFiles/cmTC_d42e8.dir/build
make[1]: Entering directory '/home/downerj/Downloads/install/glfw-3.2.1/build/macos/CMakeFiles/CMakeTmp'
Building C object CMakeFiles/cmTC_d42e8.dir/CMakeCCompilerABI.c.o
/bin/clang     -o CMakeFiles/cmTC_d42e8.dir/CMakeCCompilerABI.c.o   -c /usr/share/cmake-3.5/Modules/CMakeCCompilerABI.c
Linking C executable cmTC_d42e8
/usr/bin/cmake -E cmake_link_script CMakeFiles/cmTC_d42e8.dir/link.txt --verbose=1
/bin/clang      -v CMakeFiles/cmTC_d42e8.dir/CMakeCCompilerABI.c.o  -o cmTC_d42e8 -rdynamic  
clang version 5.0.0 (http://root.cern.ch/git/clang.git 1b5a5b2fd100463d5ff3bb62c04d888cd5ee9497) (http://root.cern.ch/git/llvm.git e0b472e46eb5861570497c2b9efabf96f2d4a485)
Target: x86_64-unknown-linux-gnu
Thread model: posix
InstalledDir: /bin
Found candidate GCC installation: /usr/lib/gcc/i686-linux-gnu/5
Found candidate GCC installation: /usr/lib/gcc/i686-linux-gnu/5.4.0
Found candidate GCC installation: /usr/lib/gcc/i686-linux-gnu/6
Found candidate GCC installation: /usr/lib/gcc/i686-linux-gnu/6.0.0
Found candidate GCC installation: /usr/lib/gcc/x86_64-linux-gnu/5
Found candidate GCC installation: /usr/lib/gcc/x86_64-linux-gnu/5.4.0
Found candidate GCC installation: /usr/lib/gcc/x86_64-linux-gnu/6
Found candidate GCC installation: /usr/lib/gcc/x86_64-linux-gnu/6.0.0
Selected GCC installation: /usr/lib/gcc/x86_64-linux-gnu/5.4.0
Candidate multilib: .;@m64
Candidate multilib: 32;@m32
Candidate multilib: x32;@mx32
Selected multilib: .;@m64
 "/usr/bin/ld" -export-dynamic -z relro --hash-style=gnu --eh-frame-hdr -m elf_x86_64 -export-dynamic -dynamic-linker /lib64/ld-linux-x86-64.so.2 -o cmTC_d42e8 /usr/lib/gcc/x86_64-linux-gnu/5.4.0/../../../x86_64-linux-gnu/crt1.o /usr/lib/gcc/x86_64-linux-gnu/5.4.0/../../../x86_64-linux-gnu/crti.o /usr/lib/gcc/x86_64-linux-gnu/5.4.0/crtbegin.o -L/usr/lib/gcc/x86_64-linux-gnu/5.4.0 -L/usr/lib/gcc/x86_64-linux-gnu/5.4.0/../../../x86_64-linux-gnu -L/lib/x86_64-linux-gnu -L/lib/../lib64 -L/usr/lib/x86_64-linux-gnu -L/usr/lib/gcc/x86_64-linux-gnu/5.4.0/../../.. -L/usr/lib/cling/bin/../lib -L/lib -L/usr/lib CMakeFiles/cmTC_d42e8.dir/CMakeCCompilerABI.c.o -lgcc --as-needed -lgcc_s --no-as-needed -lc -lgcc --as-needed -lgcc_s --no-as-needed /usr/lib/gcc/x86_64-linux-gnu/5.4.0/crtend.o /usr/lib/gcc/x86_64-linux-gnu/5.4.0/../../../x86_64-linux-gnu/crtn.o
make[1]: Leaving directory '/home/downerj/Downloads/install/glfw-3.2.1/build/macos/CMakeFiles/CMakeTmp'


Parsed C implicit link information from above output:
  link line regex: [^( *|.*[/\])(ld|([^/\]+-)?ld|collect2)[^/\]*( |$)]
  ignore line: [Change Dir: /home/downerj/Downloads/install/glfw-3.2.1/build/macos/CMakeFiles/CMakeTmp]
  ignore line: []
  ignore line: [Run Build Command:"/usr/bin/make" "cmTC_d42e8/fast"]
  ignore line: [/usr/bin/make -f CMakeFiles/cmTC_d42e8.dir/build.make CMakeFiles/cmTC_d42e8.dir/build]
  ignore line: [make[1]: Entering directory '/home/downerj/Downloads/install/glfw-3.2.1/build/macos/CMakeFiles/CMakeTmp']
  ignore line: [Building C object CMakeFiles/cmTC_d42e8.dir/CMakeCCompilerABI.c.o]
  ignore line: [/bin/clang     -o CMakeFiles/cmTC_d42e8.dir/CMakeCCompilerABI.c.o   -c /usr/share/cmake-3.5/Modules/CMakeCCompilerABI.c]
  ignore line: [Linking C executable cmTC_d42e8]
  ignore line: [/usr/bin/cmake -E cmake_link_script CMakeFiles/cmTC_d42e8.dir/link.txt --verbose=1]
  ignore line: [/bin/clang      -v CMakeFiles/cmTC_d42e8.dir/CMakeCCompilerABI.c.o  -o cmTC_d42e8 -rdynamic  ]
  ignore line: [clang version 5.0.0 (http://root.cern.ch/git/clang.git 1b5a5b2fd100463d5ff3bb62c04d888cd5ee9497) (http://root.cern.ch/git/llvm.git e0b472e46eb5861570497c2b9efabf96f2d4a485)]
  ignore line: [Target: x86_64-unknown-linux-gnu]
  ignore line: [Thread model: posix]
  ignore line: [InstalledDir: /bin]
  ignore line: [Found candidate GCC installation: /usr/lib/gcc/i686-linux-gnu/5]
  ignore line: [Found candidate GCC installation: /usr/lib/gcc/i686-linux-gnu/5.4.0]
  ignore line: [Found candidate GCC installation: /usr/lib/gcc/i686-linux-gnu/6]
  ignore line: [Found candidate GCC installation: /usr/lib/gcc/i686-linux-gnu/6.0.0]
  ignore line: [Found candidate GCC installation: /usr/lib/gcc/x86_64-linux-gnu/5]
  ignore line: [Found candidate GCC installation: /usr/lib/gcc/x86_64-linux-gnu/5.4.0]
  ignore line: [Found candidate GCC installation: /usr/lib/gcc/x86_64-linux-gnu/6]
  ignore line: [Found candidate GCC installation: /usr/lib/gcc/x86_64-linux-gnu/6.0.0]
  ignore line: [Selected GCC installation: /usr/lib/gcc/x86_64-linux-gnu/5.4.0]
  ignore line: [Candidate multilib: .]
  ignore line: [@m64]
  ignore line: [Candidate multilib: 32]
  ignore line: [@m32]
  ignore line: [Candidate multilib: x32]
  ignore line: [@mx32]
  ignore line: [Selected multilib: .]
  ignore line: [@m64]
  link line: [ "/usr/bin/ld" -export-dynamic -z relro --hash-style=gnu --eh-frame-hdr -m elf_x86_64 -export-dynamic -dynamic-linker /lib64/ld-linux-x86-64.so.2 -o cmTC_d42e8 /usr/lib/gcc/x86_64-linux-gnu/5.4.0/../../../x86_64-linux-gnu/crt1.o /usr/lib/gcc/x86_64-linux-gnu/5.4.0/../../../x86_64-linux-gnu/crti.o /usr/lib/gcc/x86_64-linux-gnu/5.4.0/crtbegin.o -L/usr/lib/gcc/x86_64-linux-gnu/5.4.0 -L/usr/lib/gcc/x86_64-linux-gnu/5.4.0/../../../x86_64-linux-gnu -L/lib/x86_64-linux-gnu -L/lib/../lib64 -L/usr/lib/x86_64-linux-gnu -L/usr/lib/gcc/x86_64-linux-gnu/5.4.0/../../.. -L/usr/lib/cling/bin/../lib -L/lib -L/usr/lib CMakeFiles/cmTC_d42e8.dir/CMakeCCompilerABI.c.o -lgcc --as-needed -lgcc_s --no-as-needed -lc -lgcc --as-needed -lgcc_s --no-as-needed /usr/lib/gcc/x86_64-linux-gnu/5.4.0/crtend.o /usr/lib/gcc/x86_64-linux-gnu/5.4.0/../../../x86_64-linux-gnu/crtn.o]
    arg [/usr/bin/ld] ==> ignore
    arg [-export-dynamic] ==> ignore
    arg [-zrelro] ==> ignore
    arg [--hash-style=gnu] ==> ignore
    arg [--eh-frame-hdr] ==> ignore
    arg [-m] ==> ignore
    arg [elf_x86_64] ==> ignore
    arg [-export-dynamic] ==> ignore
    arg [-dynamic-linker] ==> ignore
    arg [/lib64/ld-linux-x86-64.so.2] ==> ignore
    arg [-o] ==> ignore
    arg [cmTC_d42e8] ==> ignore
    arg [/usr/lib/gcc/x86_64-linux-gnu/5.4.0/../../../x86_64-linux-gnu/crt1.o] ==> ignore
    arg [/usr/lib/gcc/x86_64-linux-gnu/5.4.0/../../../x86_64-linux-gnu/crti.o] ==> ignore
    arg [/usr/lib/gcc/x86_64-linux-gnu/5.4.0/crtbegin.o] ==> ignore
    arg [-L/usr/lib/gcc/x86_64-linux-gnu/5.4.0] ==> dir [/usr/lib/gcc/x86_64-linux-gnu/5.4.0]
    arg [-L/usr/lib/gcc/x86_64-linux-gnu/5.4.0/../../../x86_64-linux-gnu] ==> dir [/usr/lib/gcc/x86_64-linux-gnu/5.4.0/../../../x86_64-linux-gnu]
    arg [-L/lib/x86_64-linux-gnu] ==> dir [/lib/x86_64-linux-gnu]
    arg [-L/lib/../lib64] ==> dir [/lib/../lib64]
    arg [-L/usr/lib/x86_64-linux-gnu] ==> dir [/usr/lib/x86_64-linux-gnu]
    arg [-L/usr/lib/gcc/x86_64-linux-gnu/5.4.0/../../..] ==> dir [/usr/lib/gcc/x86_64-linux-gnu/5.4.0/../../..]
    arg [-L/usr/lib/cling/bin/../lib] ==> dir [/usr/lib/cling/bin/../lib]
    arg [-L/lib] ==> dir [/lib]
    arg [-L/usr/lib] ==> dir [/usr/lib]
    arg [CMakeFiles/cmTC_d42e8.dir/CMakeCCompilerABI.c.o] ==> ignore
    arg [-lgcc] ==> lib [gcc]
    arg [--as-needed] ==> ignore
    arg [-lgcc_s] ==> lib [gcc_s]
    arg [--no-as-needed] ==> ignore
    arg [-lc] ==> lib [c]
    arg [-lgcc] ==> lib [gcc]
    arg [--as-needed] ==> ignore
    arg [-lgcc_s] ==> lib [gcc_s]
    arg [--no-as-needed] ==> ignore
    arg [/usr/lib/gcc/x86_64-linux-gnu/5.4.0/crtend.o] ==> ignore
    arg [/usr/lib/gcc/x86_64-linux-gnu/5.4.0/../../../x86_64-linux-gnu/crtn.o] ==> ignore
  remove lib [gcc]
  remove lib [gcc_s]
  remove lib [gcc]
  remove lib [gcc_s]
  collapse library dir [/usr/lib/gcc/x86_64-linux-gnu/5.4.0] ==> [/usr/lib/gcc/x86_64-linux-gnu/5.4.0]
  collapse library dir [/usr/lib/gcc/x86_64-linux-gnu/5.4.0/../../../x86_64-linux-gnu] ==> [/usr/lib/x86_64-linux-gnu]
  collapse library dir [/lib/x86_64-linux-gnu] ==> [/lib/x86_64-linux-gnu]
  collapse library dir [/lib/../lib64] ==> [/lib64]
  collapse library dir [/usr/lib/x86_64-linux-gnu] ==> [/usr/lib/x86_64-linux-gnu]
  collapse library dir [/usr/lib/gcc/x86_64-linux-gnu/5.4.0/../../..] ==> [/usr/lib]
  collapse library dir [/usr/lib/cling/bin/../lib] ==> [/usr/lib/cling/lib]
  collapse library dir [/lib] ==> [/lib]
  collapse library dir [/usr/lib] ==> [/usr/lib]
  implicit libs: [c]
  implicit dirs: [/usr/lib/gcc/x86_64-linux-gnu/5.4.0;/usr/lib/x86_64-linux-gnu;/lib/x86_64-linux-gnu;/lib64;/usr/lib;/usr/lib/cling/lib;/lib]
  implicit fwks: []




Detecting C [-std=c11] compiler features compiled with the following output:
Change Dir: /home/downerj/Downloads/install/glfw-3.2.1/build/macos/CMakeFiles/CMakeTmp

Run Build Command:"/usr/bin/make" "cmTC_34d3f/fast"
/usr/bin/make -f CMakeFiles/cmTC_34d3f.dir/build.make CMakeFiles/cmTC_34d3f.dir/build
make[1]: Entering directory '/home/downerj/Downloads/install/glfw-3.2.1/build/macos/CMakeFiles/CMakeTmp'
Building C object CMakeFiles/cmTC_34d3f.dir/feature_tests.c.o
/bin/clang    -std=c11 -o CMakeFiles/cmTC_34d3f.dir/feature_tests.c.o   -c /home/downerj/Downloads/install/glfw-3.2.1/build/macos/CMakeFiles/feature_tests.c
Linking C executable cmTC_34d3f
/usr/bin/cmake -E cmake_link_script CMakeFiles/cmTC_34d3f.dir/link.txt --verbose=1
/bin/clang       CMakeFiles/cmTC_34d3f.dir/feature_tests.c.o  -o cmTC_34d3f -rdynamic 
make[1]: Leaving directory '/home/downerj/Downloads/install/glfw-3.2.1/build/macos/CMakeFiles/CMakeTmp'


    Feature record: C_FEATURE:1c_function_prototypes
    Feature record: C_FEATURE:1c_restrict
    Feature record: C_FEATURE:1c_static_assert
    Feature record: C_FEATURE:1c_variadic_macros


Detecting C [-std=c99] compiler features compiled with the following output:
Change Dir: /home/downerj/Downloads/install/glfw-3.2.1/build/macos/CMakeFiles/CMakeTmp

Run Build Command:"/usr/bin/make" "cmTC_dd7de/fast"
/usr/bin/make -f CMakeFiles/cmTC_dd7de.dir/build.make CMakeFiles/cmTC_dd7de.dir/build
make[1]: Entering directory '/home/downerj/Downloads/install/glfw-3.2.1/build/macos/CMakeFiles/CMakeTmp'
Building C object CMakeFiles/cmTC_dd7de.dir/feature_tests.c.o
/bin/clang    -std=c99 -o CMakeFiles/cmTC_dd7de.dir/feature_tests.c.o   -c /home/downerj/Downloads/install/glfw-3.2.1/build/macos/CMakeFiles/feature_tests.c
Linking C executable cmTC_dd7de
/usr/bin/cmake -E cmake_link_script CMakeFiles/cmTC_dd7de.dir/link.txt --verbose=1
/bin/clang       CMakeFiles/cmTC_dd7de.dir/feature_tests.c.o  -o cmTC_dd7de -rdynamic 
make[1]: Leaving directory '/home/downerj/Downloads/install/glfw-3.2.1/build/macos/CMakeFiles/CMakeTmp'


    Feature record: C_FEATURE:1c_function_prototypes
    Feature record: C_FEATURE:1c_restrict
    Feature record: C_FEATURE:0c_static_assert
    Feature record: C_FEATURE:1c_variadic_macros


Detecting C [-std=c90] compiler features compiled with the following output:
Change Dir: /home/downerj/Downloads/install/glfw-3.2.1/build/macos/CMakeFiles/CMakeTmp

Run Build Command:"/usr/bin/make" "cmTC_56411/fast"
/usr/bin/make -f CMakeFiles/cmTC_56411.dir/build.make CMakeFiles/cmTC_56411.dir/build
make[1]: Entering directory '/home/downerj/Downloads/install/glfw-3.2.1/build/macos/CMakeFiles/CMakeTmp'
Building C object CMakeFiles/cmTC_56411.dir/feature_tests.c.o
/bin/clang    -std=c90 -o CMakeFiles/cmTC_56411.dir/feature_tests.c.o   -c /home/downerj/Downloads/install/glfw-3.2.1/build/macos/CMakeFiles/feature_tests.c
Linking C executable cmTC_56411
/usr/bin/cmake -E cmake_link_script CMakeFiles/cmTC_56411.dir/link.txt --verbose=1
/bin/clang       CMakeFiles/cmTC_56411.dir/feature_tests.c.o  -o cmTC_56411 -rdynamic 
make[1]: Leaving directory '/home/downerj/Downloads/install/glfw-3.2.1/build/macos/CMakeFiles/CMakeTmp'


    Feature record: C_FEATURE:1c_function_prototypes
    Feature record: C_FEATURE:0c_restrict
    Feature record: C_FEATURE:0c_static_assert
    Feature record: C_FEATURE:0c_variadic_macros
Determining if the include file pthread.h exists passed with the following output:
Change Dir: /home/downerj/Downloads/install/glfw-3.2.1/build/macos/CMakeFiles/CMakeTmp

Run Build Command:"/usr/bin/make" "cmTC_2981f/fast"
/usr/bin/make -f CMakeFiles/cmTC_2981f.dir/build.make CMakeFiles/cmTC_2981f.dir/build
make[1]: Entering directory '/home/downerj/Downloads/install/glfw-3.2.1/build/macos/CMakeFiles/CMakeTmp'
Building C object CMakeFiles/cmTC_2981f.dir/CheckIncludeFile.c.o
/bin/clang     -o CMakeFiles/cmTC_2981f.dir/CheckIncludeFile.c.o   -c /home/downerj/Downloads/install/glfw-3.2.1/build/macos/CMakeFiles/CMakeTmp/CheckIncludeFile.c
Linking C executable cmTC_2981f
/usr/bin/cmake -E cmake_link_script CMakeFiles/cmTC_2981f.dir/link.txt --verbose=1
/bin/clang       CMakeFiles/cmTC_2981f.dir/CheckIncludeFile.c.o  -o cmTC_2981f -rdynamic 
make[1]: Leaving directory '/home/downerj/Downloads/install/glfw-3.2.1/build/macos/CMakeFiles/CMakeTmp'


Determining if the function pthread_create exists in the pthread passed with the following output:
Change Dir: /home/downerj/Downloads/install/glfw-3.2.1/build/macos/CMakeFiles/CMakeTmp

Run Build Command:"/usr/bin/make" "cmTC_a67c1/fast"
/usr/bin/make -f CMakeFiles/cmTC_a67c1.dir/build.make CMakeFiles/cmTC_a67c1.dir/build
make[1]: Entering directory '/home/downerj/Downloads/install/glfw-3.2.1/build/macos/CMakeFiles/CMakeTmp'
Building C object CMakeFiles/cmTC_a67c1.dir/CheckFunctionExists.c.o
/bin/clang    -DCHECK_FUNCTION_EXISTS=pthread_create   -o CMakeFiles/cmTC_a67c1.dir/CheckFunctionExists.c.o   -c /usr/share/cmake-3.5/Modules/CheckFunctionExists.c
Linking C executable cmTC_a67c1
/usr/bin/cmake -E cmake_link_script CMakeFiles/cmTC_a67c1.dir/link.txt --verbose=1
/bin/clang   -DCHECK_FUNCTION_EXISTS=pthread_create    CMakeFiles/cmTC_a67c1.dir/CheckFunctionExists.c.o  -o cmTC_a67c1 -rdynamic -lpthread 
make[1]: Leaving directory '/home/downerj/Downloads/install/glfw-3.2.1/build/macos/CMakeFiles/CMakeTmp'


Determining if the function XOpenDisplay exists in the /usr/lib/x86_64-linux-gnu/libX11.so;/usr/lib/x86_64-linux-gnu/libXext.so passed with the following output:
Change Dir: /home/downerj/Downloads/install/glfw-3.2.1/build/macos/CMakeFiles/CMakeTmp

Run Build Command:"/usr/bin/make" "cmTC_aaddf/fast"
/usr/bin/make -f CMakeFiles/cmTC_aaddf.dir/build.make CMakeFiles/cmTC_aaddf.dir/build
make[1]: Entering directory '/home/downerj/Downloads/install/glfw-3.2.1/build/macos/CMakeFiles/CMakeTmp'
Building C object CMakeFiles/cmTC_aaddf.dir/CheckFunctionExists.c.o
/bin/clang    -DCHECK_FUNCTION_EXISTS=XOpenDisplay   -o CMakeFiles/cmTC_aaddf.dir/CheckFunctionExists.c.o   -c /usr/share/cmake-3.5/Modules/CheckFunctionExists.c
Linking C executable cmTC_aaddf
/usr/bin/cmake -E cmake_link_script CMakeFiles/cmTC_aaddf.dir/link.txt --verbose=1
/bin/clang   -DCHECK_FUNCTION_EXISTS=XOpenDisplay    CMakeFiles/cmTC_aaddf.dir/CheckFunctionExists.c.o  -o cmTC_aaddf -rdynamic /usr/lib/x86_64-linux-gnu/libX11.so /usr/lib/x86_64-linux-gnu/libXext.so 
make[1]: Leaving directory '/home/downerj/Downloads/install/glfw-3.2.1/build/macos/CMakeFiles/CMakeTmp'


Determining if the function gethostbyname exists passed with the following output:
Change Dir: /home/downerj/Downloads/install/glfw-3.2.1/build/macos/CMakeFiles/CMakeTmp

Run Build Command:"/usr/bin/make" "cmTC_77584/fast"
/usr/bin/make -f CMakeFiles/cmTC_77584.dir/build.make CMakeFiles/cmTC_77584.dir/build
make[1]: Entering directory '/home/downerj/Downloads/install/glfw-3.2.1/build/macos/CMakeFiles/CMakeTmp'
Building C object CMakeFiles/cmTC_77584.dir/CheckFunctionExists.c.o
/bin/clang    -DCHECK_FUNCTION_EXISTS=gethostbyname   -o CMakeFiles/cmTC_77584.dir/CheckFunctionExists.c.o   -c /usr/share/cmake-3.5/Modules/CheckFunctionExists.c
Linking C executable cmTC_77584
/usr/bin/cmake -E cmake_link_script CMakeFiles/cmTC_77584.dir/link.txt --verbose=1
/bin/clang   -DCHECK_FUNCTION_EXISTS=gethostbyname    CMakeFiles/cmTC_77584.dir/CheckFunctionExists.c.o  -o cmTC_77584 -rdynamic 
make[1]: Leaving directory '/home/downerj/Downloads/install/glfw-3.2.1/build/macos/CMakeFiles/CMakeTmp'


Determining if the function connect exists passed with the following output:
Change Dir: /home/downerj/Downloads/install/glfw-3.2.1/build/macos/CMakeFiles/CMakeTmp

Run Build Command:"/usr/bin/make" "cmTC_e8a37/fast"
/usr/bin/make -f CMakeFiles/cmTC_e8a37.dir/build.make CMakeFiles/cmTC_e8a37.dir/build
make[1]: Entering directory '/home/downerj/Downloads/install/glfw-3.2.1/build/macos/CMakeFiles/CMakeTmp'
Building C object CMakeFiles/cmTC_e8a37.dir/CheckFunctionExists.c.o
/bin/clang    -DCHECK_FUNCTION_EXISTS=connect   -o CMakeFiles/cmTC_e8a37.dir/CheckFunctionExists.c.o   -c /usr/share/cmake-3.5/Modules/CheckFunctionExists.c
Linking C executable cmTC_e8a37
/usr/bin/cmake -E cmake_link_script CMakeFiles/cmTC_e8a37.dir/link.txt --verbose=1
/bin/clang   -DCHECK_FUNCTION_EXISTS=connect    CMakeFiles/cmTC_e8a37.dir/CheckFunctionExists.c.o  -o cmTC_e8a37 -rdynamic 
make[1]: Leaving directory '/home/downerj/Downloads/install/glfw-3.2.1/build/macos/CMakeFiles/CMakeTmp'


Determining if the function remove exists passed with the following output:
Change Dir: /home/downerj/Downloads/install/glfw-3.2.1/build/macos/CMakeFiles/CMakeTmp

Run Build Command:"/usr/bin/make" "cmTC_91456/fast"
/usr/bin/make -f CMakeFiles/cmTC_91456.dir/build.make CMakeFiles/cmTC_91456.dir/build
make[1]: Entering directory '/home/downerj/Downloads/install/glfw-3.2.1/build/macos/CMakeFiles/CMakeTmp'
Building C object CMakeFiles/cmTC_91456.dir/CheckFunctionExists.c.o
/bin/clang    -DCHECK_FUNCTION_EXISTS=remove   -o CMakeFiles/cmTC_91456.dir/CheckFunctionExists.c.o   -c /usr/share/cmake-3.5/Modules/CheckFunctionExists.c
Linking C executable cmTC_91456
/usr/bin/cmake -E cmake_link_script CMakeFiles/cmTC_91456.dir/link.txt --verbose=1
/bin/clang   -DCHECK_FUNCTION_EXISTS=remove    CMakeFiles/cmTC_91456.dir/CheckFunctionExists.c.o  -o cmTC_91456 -rdynamic 
make[1]: Leaving directory '/home/downerj/Downloads/install/glfw-3.2.1/build/macos/CMakeFiles/CMakeTmp'


Determining if the function shmat exists passed with the following output:
Change Dir: /home/downerj/Downloads/install/glfw-3.2.1/build/macos/CMakeFiles/CMakeTmp

Run Build Command:"/usr/bin/make" "cmTC_358f9/fast"
/usr/bin/make -f CMakeFiles/cmTC_358f9.dir/build.make CMakeFiles/cmTC_358f9.dir/build
make[1]: Entering directory '/home/downerj/Downloads/install/glfw-3.2.1/build/macos/CMakeFiles/CMakeTmp'
Building C object CMakeFiles/cmTC_358f9.dir/CheckFunctionExists.c.o
/bin/clang    -DCHECK_FUNCTION_EXISTS=shmat   -o CMakeFiles/cmTC_358f9.dir/CheckFunctionExists.c.o   -c /usr/share/cmake-3.5/Modules/CheckFunctionExists.c
Linking C executable cmTC_358f9
/usr/bin/cmake -E cmake_link_script CMakeFiles/cmTC_358f9.dir/link.txt --verbose=1
/bin/clang   -DCHECK_FUNCTION_EXISTS=shmat    CMakeFiles/cmTC_358f9.dir/CheckFunctionExists.c.o  -o cmTC_358f9 -rdynamic 
make[1]: Leaving directory '/home/downerj/Downloads/install/glfw-3.2.1/build/macos/CMakeFiles/CMakeTmp'


Determining if the function IceConnectionNumber exists in the ICE passed with the following output:
Change Dir: /home/downerj/Downloads/install/glfw-3.2.1/build/macos/CMakeFiles/CMakeTmp

Run Build Command:"/usr/bin/make" "cmTC_27d92/fast"
/usr/bin/make -f CMakeFiles/cmTC_27d92.dir/build.make CMakeFiles/cmTC_27d92.dir/build
make[1]: Entering directory '/home/downerj/Downloads/install/glfw-3.2.1/build/macos/CMakeFiles/CMakeTmp'
Building C object CMakeFiles/cmTC_27d92.dir/CheckFunctionExists.c.o
/bin/clang    -DCHECK_FUNCTION_EXISTS=IceConnectionNumber   -o CMakeFiles/cmTC_27d92.dir/CheckFunctionExists.c.o   -c /usr/share/cmake-3.5/Modules/CheckFunctionExists.c
Linking C executable cmTC_27d92
/usr/bin/cmake -E cmake_link_script CMakeFiles/cmTC_27d92.dir/link.txt --verbose=1
/bin/clang   -DCHECK_FUNCTION_EXISTS=IceConnectionNumber    CMakeFiles/cmTC_27d92.dir/CheckFunctionExists.c.o  -o cmTC_27d92 -rdynamic -lICE 
make[1]: Leaving directory '/home/downerj/Downloads/install/glfw-3.2.1/build/macos/CMakeFiles/CMakeTmp'


